-------------------------------------------------------------------------------
Test set: org.ldd.ssm.crm.test.DailyStatementTest
-------------------------------------------------------------------------------
Tests run: 1, Failures: 1, Errors: 0, Skipped: 0, Time elapsed: 0 sec <<< FAILURE!
org.ldd.ssm.crm.test.DailyStatementTest.testLink()  Time elapsed: 0 sec  <<< FAILURE!
java.lang.NullPointerException
	at org.ldd.ssm.crm.test.DailyStatementTest.testLink(DailyStatementTest.java:57)

